<?xml version="1.0" encoding="UTF-8"?>
<testsuite xmlns:xsi="http://www.w3.org/2001/XMLSchema-instance" xsi:noNamespaceSchemaLocation="https://maven.apache.org/surefire/maven-surefire-plugin/xsd/surefire-test-report.xsd" version="3.0.2" name="com.example.demo.EmployeeSpringApplicationTests" time="2.288" tests="1" errors="0" skipped="0" failures="0" flakes="0">
  <properties>
[...]
</properties>
  <testcase name="contextLoads" classname="com.example.demo.EmployeeSpringApplicationTests" time="0.82">
    <system-out><![CDATA[12:34:10.651 [main] INFO org.springframework.test.context.support.AnnotationConfigContextLoaderUtils -- Could not detect default configuration classes for test class [com.example.demo.EmployeeSpringApplicationTests]: EmployeeSpringApplicationTests does not declare any static, non-private, non-final, nested classes annotated with @Configuration.
12:34:10.782 [main] INFO org.springframework.boot.test.context.SpringBootTestContextBootstrapper -- Found @SpringBootConfiguration com.example.demo.EmployeeSpringApplication for test class com.example.demo.EmployeeSpringApplicationTests
12:34:10.863 [main] INFO org.springframework.test.context.support.AnnotationConfigContextLoaderUtils -- Could not detect default configuration classes for test class [com.example.demo.EmployeeSpringApplicationTests]: EmployeeSpringApplicationTests does not declare any static, non-private, non-final, nested classes annotated with @Configuration.
12:34:10.865 [main] INFO org.springframework.boot.test.context.SpringBootTestContextBootstrapper -- Found @SpringBootConfiguration com.example.demo.EmployeeSpringApplication for test class com.example.demo.EmployeeSpringApplicationTests
12:34:10.956 [main] INFO org.springframework.boot.devtools.restart.RestartApplicationListener -- Restart disabled due to context in which it is running

  .   ____          _            __ _ _
 /\\ / ___'_ __ _ _(_)_ __  __ _ \ \ \ \
( ( )\___ | '_ | '_| | '_ \/ _` | \ \ \ \
 \\/  ___)| |_)| | | | | || (_| |  ) ) ) )
  '  |____| .__|_| |_|_| |_\__, | / / / /
 =========|_|==============|___/=/_/_/_/

 :: Spring Boot ::                (v4.1.0)

2026-07-13T12:34:11.362+05:30  INFO 31988 --- [Employee-spring] [           main] c.e.demo.EmployeeSpringApplicationTests  : Starting EmployeeSpringApplicationTests using Java 21.0.7 with PID 31988 (started by mithu in C:\Users\mithu\eclipse-workspace\Employee-spring)
2026-07-13T12:34:11.364+05:30  INFO 31988 --- [Employee-spring] [           main] c.e.demo.EmployeeSpringApplicationTests  : No active profile set, falling back to 1 default profile: "default"
2026-07-13T12:34:11.845+05:30  INFO 31988 --- [Employee-spring] [           main] c.e.demo.EmployeeSpringApplicationTests  : Started EmployeeSpringApplicationTests in 0.906 seconds (process running for 2.433)
]]></system-out>
    <system-err><![CDATA[Mockito is currently self-attaching to enable the inline-mock-maker. This will no longer work in future releases of the JDK. Please add Mockito as an agent to your build as described in Mockito's documentation: https://javadoc.io/doc/org.mockito/mockito-core/latest/org.mockito/org/mockito/Mockito.html#0.3
WARNING: A Java agent has been loaded dynamically (C:\Users\mithu\.m2\repository\net\bytebuddy\byte-buddy-agent\1.18.10\byte-buddy-agent-1.18.10.jar)
WARNING: If a serviceability tool is in use, please run with -XX:+EnableDynamicAgentLoading to hide this warning
WARNING: If a serviceability tool is not in use, please run with -Djdk.instrument.traceUsage for more information
WARNING: Dynamic loading of agents will be disallowed by default in a future release
]]></system-err>
  </testcase>
</testsuite>